<?xml version="1.0" encoding="UTF-8"?>
<!-- Generated by org.testng.reporters.JUnitReportReporter -->
<testsuite hostname="RFL348.local" failures="0" tests="2" name="TestCases.Checkout_TestCase" time="40.656" errors="0" timestamp="29 Nov 2022 10:12:56 GMT" skipped="0">
  <testcase classname="TestCases.Checkout_TestCase" name="checkout" time="7.906"/>
  <testcase classname="TestCases.Checkout_TestCase" name="navigate" time="32.750"/>
</testsuite> <!-- TestCases.Checkout_TestCase -->
